TN:
SF:src/index.js
FN:13,response
FN:19,error
FN:24,_default
FN:45,task
FNF:4
FNH:4
FNDA:7,response
FNDA:2,error
FNDA:5,_default
FNDA:4,task
DA:1,1
DA:2,1
DA:3,1
DA:4,1
DA:5,1
DA:6,1
DA:7,1
DA:8,1
DA:9,1
DA:10,1
DA:11,1
DA:12,1
DA:13,1
DA:14,7
DA:15,7
DA:16,7
DA:17,7
DA:18,1
DA:19,1
DA:20,2
DA:21,2
DA:22,1
DA:23,1
DA:24,1
DA:25,5
DA:26,5
DA:27,5
DA:28,5
DA:29,5
DA:30,5
DA:31,5
DA:32,5
DA:33,3
DA:34,3
DA:35,3
DA:36,3
DA:37,5
DA:38,5
DA:39,1
DA:40,1
DA:41,4
DA:42,4
DA:43,4
DA:44,4
DA:45,4
DA:46,4
DA:47,1
DA:48,1
DA:49,1
DA:50,1
DA:51,5
DA:52,5
DA:53,5
DA:54,5
LF:54
LH:54
BRDA:13,0,0,7
BRDA:19,1,0,2
BRDA:24,2,0,5
BRDA:32,3,0,3
BRDA:36,4,0,1
BRDA:38,5,0,1
BRDA:40,6,0,4
BRDA:45,7,0,4
BRDA:52,8,0,1
BRDA:53,9,0,1
BRF:10
BRH:10
end_of_record
TN:
SF:src/utils.js
FN:12,downloadAssets
FN:16,replaceName
FN:21,loadingLinks
FNF:3
FNH:3
FNDA:4,downloadAssets
FNDA:9,replaceName
FNDA:1,loadingLinks
DA:1,1
DA:2,1
DA:3,1
DA:4,1
DA:5,1
DA:6,1
DA:7,1
DA:8,1
DA:9,1
DA:10,1
DA:11,1
DA:12,1
DA:13,4
DA:14,1
DA:15,1
DA:16,1
DA:17,9
DA:18,9
DA:19,1
DA:20,1
DA:21,1
DA:22,1
DA:23,1
DA:24,1
DA:25,1
DA:26,3
DA:27,3
DA:28,4
DA:29,4
DA:30,4
DA:31,1
DA:32,1
DA:33,1
DA:34,4
DA:35,4
DA:36,4
DA:37,4
DA:38,4
DA:39,4
DA:40,4
DA:41,4
DA:42,1
DA:43,1
DA:44,1
DA:45,1
LF:45
LH:45
BRDA:12,0,0,4
BRDA:14,1,0,4
BRDA:16,2,0,9
BRDA:18,3,0,53
BRDA:21,4,0,1
BRDA:25,5,0,3
BRDA:26,6,0,4
BRDA:27,7,0,4
BRDA:32,8,0,4
BRDA:33,9,0,4
BRDA:35,10,0,1
BRF:11
BRH:11
end_of_record
